Arguments: 
  C:\Program Files\nodejs\node.exe C:\Users\palas\npm\node_modules\yarn\bin\yarn.js add --save axios: ^0.18.0,

PATH: 
  c:\program files\graphicsmagick-1.3.36-q16;J:\Program Files\AdoptJDK\bin;C:\WINDOWS\system32;C:\WINDOWS;C:\WINDOWS\System32\Wbem;C:\WINDOWS\System32\WindowsPowerShell\v1.0\;C:\WINDOWS\System32\OpenSSH\;C:\Program Files (x86)\Calibre2\;J:\Program Files\Calibre\;C:\Program Files\Python38;C:\Program Files\Python38\Scripts;C:\Program Files\nodejs\;C:\Users\palas\AppData\Roaming\Python\Python38\Scripts;C:\Users\palas\npm\node_modules\@angular\cli\bin;C:\Program Files\CMake\bin;C:\Program Files\Git\bin;C:\Program Files\heroku\bin;C:\Users\palas\npm;J:\Program Files\MongoDB\bin;C:\xampp\php;;C:\Program Files\Docker\Docker\resources\bin;C:\ProgramData\DockerDesktop\version-bin;D:\Ruby27-x64\bin;C:\Program Files\MySQL\MySQL Shell 8.0\bin\;C:\Ruby25-x64\bin;J:\Program Files\Ruby25-x64\bin;C:\Users\palas\AppData\Local\Microsoft\WindowsApps;C:\Users\palas\AppData\Local\GitHubDesktop\bin;C:\Program Files\JetBrains\PyCharm Community Edition 2020.1.2\bin;;C:\Users\palas\AppData\Local\Programs\Microsoft VS Code\bin;C:\Users\palas\AppData\Roaming\npm;C:\Program Files\heroku\bin;C:\xampp\php

Yarn version: 
  1.22.4

Node version: 
  12.18.2

Platform: 
  win32 x64

Trace: 
  Error: https://registry.yarnpkg.com/%5E0.18.0,: Not found
      at Request.params.callback [as _callback] (C:\Users\palas\npm\node_modules\yarn\lib\cli.js:66987:18)
      at Request.self.callback (C:\Users\palas\npm\node_modules\yarn\lib\cli.js:140748:22)
      at Request.emit (events.js:315:20)
      at Request.<anonymous> (C:\Users\palas\npm\node_modules\yarn\lib\cli.js:141720:10)
      at Request.emit (events.js:315:20)
      at IncomingMessage.<anonymous> (C:\Users\palas\npm\node_modules\yarn\lib\cli.js:141642:12)
      at Object.onceWrapper (events.js:421:28)
      at IncomingMessage.emit (events.js:327:22)
      at endReadableNT (_stream_readable.js:1221:12)
      at processTicksAndRejections (internal/process/task_queues.js:84:21)

npm manifest: 
  {
    "name": "lookup-client",
    "version": "0.1.0",
    "private": true,
    "proxy": "http://localhost:3001/",
    "devDependencies": {
      "enzyme": "2.4.1",
      "react-addons-test-utils": "15.4.0"    
    },
    "dependencies": {
      "babel-plugin-transform-class-properties": "6.22.0",
      "react": "15.4.0",
      "react-dom": "15.4.0",
      "react-github-btn": "^1.2.0",
      "react-scripts": "0.8.5"
    },
    "scripts": {
      "start": "react-scripts start",
      "build": "react-scripts build",
      "test": "react-scripts test --env=jsdom",
      "eject": "react-scripts eject"
    }
  }

yarn manifest: 
  No manifest

Lockfile: 
  No lockfile
